<?xml version="1.0" encoding="UTF-8"?>
<!-- Generated by org.testng.reporters.JUnitReportReporter -->
<testsuite hostname="MacBook-Pro-Yana.local" name="Main" tests="1" failures="0" timestamp="20 Sep 2017 11:38:09 GMT" time="30.119" errors="0">
  <testcase name="correctLogin" time="30.119" classname="Main"/>
</testsuite> <!-- Main -->
